<?xml version="1.0" encoding="UTF-8"?>
<!-- Generated by org.testng.reporters.JUnitReportReporter -->
<testsuite skipped="0" hostname="MD1KR87C" name="automationTestCases.Asset_Management_Add_Assets_Chrome" tests="1" failures="0" timestamp="03 Jul 2018 13:22:06 GMT" time="444.453" errors="0">
  <testcase name="main" time="444.453" classname="automationTestCases.Asset_Management_Add_Assets_Chrome"/>
</testsuite> <!-- automationTestCases.Asset_Management_Add_Assets_Chrome -->
